<?xml version="1.0" encoding="UTF-8"?>
<testng-results ignored="0" total="1" passed="1" failed="0" skipped="0">
  <reporter-output>
  </reporter-output>
  <suite started-at="2021-07-17T10:57:30 IST" name="Default suite" finished-at="2021-07-17T10:57:35 IST" duration-ms="5573">
    <groups>
    </groups>
    <test started-at="2021-07-17T10:57:30 IST" name="Default test" finished-at="2021-07-17T10:57:35 IST" duration-ms="5573">
      <class name="parameterization.Test2">
        <test-method signature="demo()[pri:0, instance:parameterization.Test2@6a03bcb1]" started-at="2021-07-17T10:57:30 IST" name="demo" finished-at="2021-07-17T10:57:35 IST" duration-ms="5482" status="PASS">
          <reporter-output>
          </reporter-output>
        </test-method> <!-- demo -->
      </class> <!-- parameterization.Test2 -->
    </test> <!-- Default test -->
  </suite> <!-- Default suite -->
</testng-results>
