<?xml version="1.0" encoding="UTF-8"?>
<testng-results ignored="0" total="1" passed="1" failed="0" skipped="0">
  <reporter-output>
  </reporter-output>
  <suite started-at="2021-07-18T11:07:46 IST" name="Default suite" finished-at="2021-07-18T11:07:47 IST" duration-ms="1648">
    <groups>
    </groups>
    <test started-at="2021-07-18T11:07:46 IST" name="Default test" finished-at="2021-07-18T11:07:47 IST" duration-ms="1648">
      <class name="database.Test0">
        <test-method signature="demo()[pri:0, instance:database.Test0@76ed1b7c]" started-at="2021-07-18T11:07:46 IST" name="demo" finished-at="2021-07-18T11:07:47 IST" duration-ms="1579" status="PASS">
          <reporter-output>
          </reporter-output>
        </test-method> <!-- demo -->
      </class> <!-- database.Test0 -->
    </test> <!-- Default test -->
  </suite> <!-- Default suite -->
</testng-results>
